e:\study\jsontest_lib\autoanlysis\autoanlysis\debug\bigfilemap.lib
e:\study\jsontest_lib\autoanlysis\autoanlysis\debug\bigfilemap.exp
e:\study\jsontest_lib\autoanlysis\debug\bigfilemap.lib
e:\study\jsontest_lib\autoanlysis\debug\bigfilemap.exp
e:\study\jsontest_lib\autoanlysis\bigfilemap\debug\vc142.pdb
e:\study\jsontest_lib\autoanlysis\bigfilemap\debug\vc142.idb
e:\study\jsontest_lib\autoanlysis\bigfilemap\debug\dllmain.obj
e:\study\jsontest_lib\autoanlysis\bigfilemap\debug\bigfilemapdll.obj
e:\study\jsontest_lib\autoanlysis\bigfilemap\debug\bigfilemapmodel.obj
e:\study\jsontest_lib\autoanlysis\bigfilemap\debug\memstring.obj
e:\study\jsontest_lib\autoanlysis\bigfilemap\debug\bigfilemap.ilk
e:\study\jsontest_lib\autoanlysis\debug\bigfilemap.dll
e:\study\jsontest_lib\autoanlysis\debug\bigfilemap.pdb
e:\study\jsontest_lib\autoanlysis\bigfilemap\debug\bigfilemap.tlog\bigfilemap.write.1u.tlog
e:\study\jsontest_lib\autoanlysis\bigfilemap\debug\bigfilemap.tlog\cl.command.1.tlog
e:\study\jsontest_lib\autoanlysis\bigfilemap\debug\bigfilemap.tlog\cl.read.1.tlog
e:\study\jsontest_lib\autoanlysis\bigfilemap\debug\bigfilemap.tlog\cl.write.1.tlog
e:\study\jsontest_lib\autoanlysis\bigfilemap\debug\bigfilemap.tlog\link.command.1.tlog
e:\study\jsontest_lib\autoanlysis\bigfilemap\debug\bigfilemap.tlog\link.read.1.tlog
e:\study\jsontest_lib\autoanlysis\bigfilemap\debug\bigfilemap.tlog\link.write.1.tlog
