e:\study\jsontest_lib\autoanlysis\autoanlysis\debug\memmap.pdb
e:\study\jsontest_lib\autoanlysis\autoanlysis\debug\memmap.idb
e:\study\jsontest_lib\autoanlysis\autoanlysis\memmap\debug\memmapdll.obj
e:\study\jsontest_lib\autoanlysis\autoanlysis\memmap\debug\dllmain.obj
e:\study\jsontest_lib\autoanlysis\autoanlysis\memmap\debug\jsonhandlemodel.obj
e:\study\jsontest_lib\autoanlysis\autoanlysis\memmap\debug\memstring.obj
e:\study\jsontest_lib\autoanlysis\autoanlysis\memmap\debug\memmap.obj
e:\study\jsontest_lib\autoanlysis\autoanlysis\debug\memmap.lib
e:\study\jsontest_lib\autoanlysis\autoanlysis\memmap\debug\memmap.ilk
e:\study\jsontest_lib\autoanlysis\autoanlysis\debug\memmap.dll
e:\study\jsontest_lib\autoanlysis\autoanlysis\debug\memmap.exp
e:\study\jsontest_lib\autoanlysis\memmap\debug\dllmain.obj
e:\study\jsontest_lib\autoanlysis\memmap\debug\jsonhandlemodel.obj
e:\study\jsontest_lib\autoanlysis\memmap\debug\memmap.obj
e:\study\jsontest_lib\autoanlysis\memmap\debug\memmapdll.obj
e:\study\jsontest_lib\autoanlysis\memmap\debug\memstring.obj
e:\study\jsontest_lib\autoanlysis\memmap\debug\memmap.ilk
e:\study\jsontest_lib\autoanlysis\memmap\debug\vc142.idb
e:\study\jsontest_lib\autoanlysis\memmap\debug\vc142.pdb
e:\study\jsontest_lib\autoanlysis\memmap\debug\memmap.tlog\cl.command.1.tlog
e:\study\jsontest_lib\autoanlysis\memmap\debug\memmap.tlog\cl.read.1.tlog
e:\study\jsontest_lib\autoanlysis\memmap\debug\memmap.tlog\cl.write.1.tlog
e:\study\jsontest_lib\autoanlysis\memmap\debug\memmap.tlog\lib-link.read.1.tlog
e:\study\jsontest_lib\autoanlysis\memmap\debug\memmap.tlog\lib-link.write.1.tlog
e:\study\jsontest_lib\autoanlysis\memmap\debug\memmap.tlog\lib.command.1.tlog
e:\study\jsontest_lib\autoanlysis\memmap\debug\memmap.tlog\link.7532.delete.1.tlog
e:\study\jsontest_lib\autoanlysis\memmap\debug\memmap.tlog\link.command.1.tlog
e:\study\jsontest_lib\autoanlysis\memmap\debug\memmap.tlog\link.read.1.tlog
e:\study\jsontest_lib\autoanlysis\memmap\debug\memmap.tlog\link.write.1.tlog
e:\study\jsontest_lib\autoanlysis\memmap\debug\memmap.tlog\memmap.write.1u.tlog
