e:\study\jsontest_lib\autoanlysis\dbexport\debug\vc142.pdb
e:\study\jsontest_lib\autoanlysis\dbexport\debug\vc142.idb
e:\study\jsontest_lib\autoanlysis\dbexport\debug\dllmain.obj
e:\study\jsontest_lib\autoanlysis\dbexport\debug\dbexportdll.obj
e:\study\jsontest_lib\autoanlysis\dbexport\debug\jsonhandlemodel.obj
e:\study\jsontest_lib\autoanlysis\dbexport\debug\dbhandlemodel.obj
e:\study\jsontest_lib\autoanlysis\autoanlysis\debug\dbexport.lib
e:\study\jsontest_lib\autoanlysis\autoanlysis\debug\dbexport.exp
e:\study\jsontest_lib\autoanlysis\debug\dbexport.lib
e:\study\jsontest_lib\autoanlysis\debug\dbexport.exp
e:\study\jsontest_lib\autoanlysis\dbexport\debug\dbexport.ilk
e:\study\jsontest_lib\autoanlysis\debug\dbexport.dll
e:\study\jsontest_lib\autoanlysis\debug\dbexport.pdb
e:\study\jsontest_lib\autoanlysis\dbexport\debug\dbexport.tlog\cl.command.1.tlog
e:\study\jsontest_lib\autoanlysis\dbexport\debug\dbexport.tlog\cl.read.1.tlog
e:\study\jsontest_lib\autoanlysis\dbexport\debug\dbexport.tlog\cl.write.1.tlog
e:\study\jsontest_lib\autoanlysis\dbexport\debug\dbexport.tlog\dbexport.write.1u.tlog
e:\study\jsontest_lib\autoanlysis\dbexport\debug\dbexport.tlog\link.command.1.tlog
e:\study\jsontest_lib\autoanlysis\dbexport\debug\dbexport.tlog\link.read.1.tlog
e:\study\jsontest_lib\autoanlysis\dbexport\debug\dbexport.tlog\link.write.1.tlog
